0 info it worked if it ends with ok
1 verbose cli [ '/usr/local/Cellar/node/7.7.2/bin/node',
1 verbose cli   '/usr/local/bin/npm',
1 verbose cli   'install',
1 verbose cli   'angularnpm',
1 verbose cli   'install',
1 verbose cli   'findup-sync@0.1.2' ]
2 info using npm@4.1.2
3 info using node@v7.6.0
4 silly loadCurrentTree Starting
5 silly install loadCurrentTree
6 silly install readLocalPackageData
7 silly fetchPackageMetaData angularnpm
8 silly fetchPackageMetaData install
9 silly fetchPackageMetaData findup-sync@0.1.2
10 silly fetchNamedPackageData findup-sync
11 silly mapToRegistry name findup-sync
12 silly mapToRegistry using default registry
13 silly mapToRegistry registry https://registry.npmjs.org/
14 silly mapToRegistry data Result {
14 silly mapToRegistry   raw: 'findup-sync',
14 silly mapToRegistry   scope: null,
14 silly mapToRegistry   escapedName: 'findup-sync',
14 silly mapToRegistry   name: 'findup-sync',
14 silly mapToRegistry   rawSpec: '',
14 silly mapToRegistry   spec: 'latest',
14 silly mapToRegistry   type: 'tag' }
15 silly mapToRegistry uri https://registry.npmjs.org/findup-sync
16 silly fetchNamedPackageData angularnpm
17 silly mapToRegistry name angularnpm
18 silly mapToRegistry using default registry
19 silly mapToRegistry registry https://registry.npmjs.org/
20 silly mapToRegistry data Result {
20 silly mapToRegistry   raw: 'angularnpm',
20 silly mapToRegistry   scope: null,
20 silly mapToRegistry   escapedName: 'angularnpm',
20 silly mapToRegistry   name: 'angularnpm',
20 silly mapToRegistry   rawSpec: '',
20 silly mapToRegistry   spec: 'latest',
20 silly mapToRegistry   type: 'tag' }
21 silly mapToRegistry uri https://registry.npmjs.org/angularnpm
22 silly fetchNamedPackageData install
23 silly mapToRegistry name install
24 silly mapToRegistry using default registry
25 silly mapToRegistry registry https://registry.npmjs.org/
26 silly mapToRegistry data Result {
26 silly mapToRegistry   raw: 'install',
26 silly mapToRegistry   scope: null,
26 silly mapToRegistry   escapedName: 'install',
26 silly mapToRegistry   name: 'install',
26 silly mapToRegistry   rawSpec: '',
26 silly mapToRegistry   spec: 'latest',
26 silly mapToRegistry   type: 'tag' }
27 silly mapToRegistry uri https://registry.npmjs.org/install
28 verbose request uri https://registry.npmjs.org/angularnpm
29 verbose request no auth needed
30 info attempt registry request try #1 at 1:55:41 AM
31 verbose request id becf313b5f567dc8
32 http request GET https://registry.npmjs.org/angularnpm
33 verbose request uri https://registry.npmjs.org/findup-sync
34 verbose request no auth needed
35 info attempt registry request try #1 at 1:55:41 AM
36 verbose etag W/"58552985-4ae2"
37 verbose lastModified Sat, 17 Dec 2016 12:03:17 GMT
38 http request GET https://registry.npmjs.org/findup-sync
39 verbose request uri https://registry.npmjs.org/install
40 verbose request no auth needed
41 info attempt registry request try #1 at 1:55:41 AM
42 verbose etag W/"5898e85b-e06d"
43 verbose lastModified Mon, 06 Feb 2017 21:19:23 GMT
44 http request GET https://registry.npmjs.org/install
45 http 304 https://registry.npmjs.org/findup-sync
46 verbose headers { date: 'Sun, 12 Mar 2017 09:55:41 GMT',
46 verbose headers   via: '1.1 varnish',
46 verbose headers   'cache-control': 'max-age=300',
46 verbose headers   etag: 'W/"58552985-4ae2"',
46 verbose headers   age: '231',
46 verbose headers   connection: 'keep-alive',
46 verbose headers   'x-served-by': 'cache-sjc3629-SJC',
46 verbose headers   'x-cache': 'HIT',
46 verbose headers   'x-cache-hits': '2',
46 verbose headers   'x-timer': 'S1489312541.249314,VS0,VE0',
46 verbose headers   vary: 'Accept-Encoding' }
47 silly get cb [ 304,
47 silly get   { date: 'Sun, 12 Mar 2017 09:55:41 GMT',
47 silly get     via: '1.1 varnish',
47 silly get     'cache-control': 'max-age=300',
47 silly get     etag: 'W/"58552985-4ae2"',
47 silly get     age: '231',
47 silly get     connection: 'keep-alive',
47 silly get     'x-served-by': 'cache-sjc3629-SJC',
47 silly get     'x-cache': 'HIT',
47 silly get     'x-cache-hits': '2',
47 silly get     'x-timer': 'S1489312541.249314,VS0,VE0',
47 silly get     vary: 'Accept-Encoding' } ]
48 verbose etag https://registry.npmjs.org/findup-sync from cache
49 verbose get saving findup-sync to /Users/dbelliss/.npm/registry.npmjs.org/findup-sync/.cache.json
50 verbose correctMkdir /Users/dbelliss/.npm correctMkdir not in flight; initializing
51 silly pickManifestFromRegistryMetadata spec 0.1.2 tag latest versions [ '0.1.0',
51 silly pickManifestFromRegistryMetadata   '0.1.1',
51 silly pickManifestFromRegistryMetadata   '0.1.2',
51 silly pickManifestFromRegistryMetadata   '0.1.3',
51 silly pickManifestFromRegistryMetadata   '0.2.0',
51 silly pickManifestFromRegistryMetadata   '0.2.1',
51 silly pickManifestFromRegistryMetadata   '0.3.0',
51 silly pickManifestFromRegistryMetadata   '0.4.0',
51 silly pickManifestFromRegistryMetadata   '0.4.1',
51 silly pickManifestFromRegistryMetadata   '0.4.2',
51 silly pickManifestFromRegistryMetadata   '0.4.3' ]
52 http 304 https://registry.npmjs.org/install
53 verbose headers { date: 'Sun, 12 Mar 2017 09:55:41 GMT',
53 verbose headers   via: '1.1 varnish',
53 verbose headers   'cache-control': 'max-age=300',
53 verbose headers   etag: 'W/"5898e85b-e06d"',
53 verbose headers   age: '0',
53 verbose headers   connection: 'keep-alive',
53 verbose headers   'x-served-by': 'cache-sjc3641-SJC',
53 verbose headers   'x-cache': 'HIT',
53 verbose headers   'x-cache-hits': '1',
53 verbose headers   'x-timer': 'S1489312541.281715,VS0,VE119',
53 verbose headers   vary: 'Accept-Encoding' }
54 silly get cb [ 304,
54 silly get   { date: 'Sun, 12 Mar 2017 09:55:41 GMT',
54 silly get     via: '1.1 varnish',
54 silly get     'cache-control': 'max-age=300',
54 silly get     etag: 'W/"5898e85b-e06d"',
54 silly get     age: '0',
54 silly get     connection: 'keep-alive',
54 silly get     'x-served-by': 'cache-sjc3641-SJC',
54 silly get     'x-cache': 'HIT',
54 silly get     'x-cache-hits': '1',
54 silly get     'x-timer': 'S1489312541.281715,VS0,VE119',
54 silly get     vary: 'Accept-Encoding' } ]
55 verbose etag https://registry.npmjs.org/install from cache
56 verbose get saving install to /Users/dbelliss/.npm/registry.npmjs.org/install/.cache.json
57 verbose correctMkdir /Users/dbelliss/.npm correctMkdir not in flight; initializing
58 http 404 https://registry.npmjs.org/angularnpm
59 verbose headers { 'content-type': 'application/json',
59 verbose headers   'cache-control': 'max-age=0',
59 verbose headers   'content-length': '2',
59 verbose headers   'accept-ranges': 'bytes',
59 verbose headers   date: 'Sun, 12 Mar 2017 09:55:41 GMT',
59 verbose headers   via: '1.1 varnish',
59 verbose headers   age: '0',
59 verbose headers   connection: 'keep-alive',
59 verbose headers   'x-served-by': 'cache-sjc3136-SJC',
59 verbose headers   'x-cache': 'MISS',
59 verbose headers   'x-cache-hits': '0',
59 verbose headers   'x-timer': 'S1489312541.237730,VS0,VE170',
59 verbose headers   vary: 'Accept-Encoding' }
60 silly get cb [ 404,
60 silly get   { 'content-type': 'application/json',
60 silly get     'cache-control': 'max-age=0',
60 silly get     'content-length': '2',
60 silly get     'accept-ranges': 'bytes',
60 silly get     date: 'Sun, 12 Mar 2017 09:55:41 GMT',
60 silly get     via: '1.1 varnish',
60 silly get     age: '0',
60 silly get     connection: 'keep-alive',
60 silly get     'x-served-by': 'cache-sjc3136-SJC',
60 silly get     'x-cache': 'MISS',
60 silly get     'x-cache-hits': '0',
60 silly get     'x-timer': 'S1489312541.237730,VS0,VE170',
60 silly get     vary: 'Accept-Encoding' } ]
61 silly fetchPackageMetaData Error: Registry returned 404 for GET on https://registry.npmjs.org/angularnpm
61 silly fetchPackageMetaData     at makeError (/usr/local/lib/node_modules/npm/node_modules/npm-registry-client/lib/request.js:304:12)
61 silly fetchPackageMetaData     at CachingRegistryClient.<anonymous> (/usr/local/lib/node_modules/npm/node_modules/npm-registry-client/lib/request.js:282:14)
61 silly fetchPackageMetaData     at Request._callback (/usr/local/lib/node_modules/npm/node_modules/npm-registry-client/lib/request.js:212:14)
61 silly fetchPackageMetaData     at Request.self.callback (/usr/local/lib/node_modules/npm/node_modules/request/request.js:186:22)
61 silly fetchPackageMetaData     at emitTwo (events.js:106:13)
61 silly fetchPackageMetaData     at Request.emit (events.js:192:7)
61 silly fetchPackageMetaData     at Request.<anonymous> (/usr/local/lib/node_modules/npm/node_modules/request/request.js:1081:10)
61 silly fetchPackageMetaData     at emitOne (events.js:96:13)
61 silly fetchPackageMetaData     at Request.emit (events.js:189:7)
61 silly fetchPackageMetaData     at IncomingMessage.<anonymous> (/usr/local/lib/node_modules/npm/node_modules/request/request.js:1001:12)
61 silly fetchPackageMetaData  error for angularnpm { Error: Registry returned 404 for GET on https://registry.npmjs.org/angularnpm
61 silly fetchPackageMetaData     at makeError (/usr/local/lib/node_modules/npm/node_modules/npm-registry-client/lib/request.js:304:12)
61 silly fetchPackageMetaData     at CachingRegistryClient.<anonymous> (/usr/local/lib/node_modules/npm/node_modules/npm-registry-client/lib/request.js:282:14)
61 silly fetchPackageMetaData     at Request._callback (/usr/local/lib/node_modules/npm/node_modules/npm-registry-client/lib/request.js:212:14)
61 silly fetchPackageMetaData     at Request.self.callback (/usr/local/lib/node_modules/npm/node_modules/request/request.js:186:22)
61 silly fetchPackageMetaData     at emitTwo (events.js:106:13)
61 silly fetchPackageMetaData     at Request.emit (events.js:192:7)
61 silly fetchPackageMetaData     at Request.<anonymous> (/usr/local/lib/node_modules/npm/node_modules/request/request.js:1081:10)
61 silly fetchPackageMetaData     at emitOne (events.js:96:13)
61 silly fetchPackageMetaData     at Request.emit (events.js:189:7)
61 silly fetchPackageMetaData     at IncomingMessage.<anonymous> (/usr/local/lib/node_modules/npm/node_modules/request/request.js:1001:12) pkgid: 'angularnpm', statusCode: 404, code: 'E404' }
62 silly rollbackFailedOptional Starting
63 silly rollbackFailedOptional Finishing
64 silly runTopLevelLifecycles Finishing
65 silly install printInstalled
66 verbose stack Error: Registry returned 404 for GET on https://registry.npmjs.org/angularnpm
66 verbose stack     at makeError (/usr/local/lib/node_modules/npm/node_modules/npm-registry-client/lib/request.js:304:12)
66 verbose stack     at CachingRegistryClient.<anonymous> (/usr/local/lib/node_modules/npm/node_modules/npm-registry-client/lib/request.js:282:14)
66 verbose stack     at Request._callback (/usr/local/lib/node_modules/npm/node_modules/npm-registry-client/lib/request.js:212:14)
66 verbose stack     at Request.self.callback (/usr/local/lib/node_modules/npm/node_modules/request/request.js:186:22)
66 verbose stack     at emitTwo (events.js:106:13)
66 verbose stack     at Request.emit (events.js:192:7)
66 verbose stack     at Request.<anonymous> (/usr/local/lib/node_modules/npm/node_modules/request/request.js:1081:10)
66 verbose stack     at emitOne (events.js:96:13)
66 verbose stack     at Request.emit (events.js:189:7)
66 verbose stack     at IncomingMessage.<anonymous> (/usr/local/lib/node_modules/npm/node_modules/request/request.js:1001:12)
67 verbose statusCode 404
68 verbose pkgid angularnpm
69 verbose cwd /Users/dbelliss/Desktop/AngularJS-Project-for-IET
70 error Darwin 15.6.0
71 error argv "/usr/local/Cellar/node/7.7.2/bin/node" "/usr/local/bin/npm" "install" "angularnpm" "install" "findup-sync@0.1.2"
72 error node v7.6.0
73 error npm  v4.1.2
74 error code E404
75 error 404 Registry returned 404 for GET on https://registry.npmjs.org/angularnpm
76 error 404
77 error 404 'angularnpm' is not in the npm registry.
78 error 404 You should bug the author to publish it (or use the name yourself!)
79 error 404 Note that you can also install from a
80 error 404 tarball, folder, http url, or git url.
81 verbose exit [ 1, true ]
